ARM GAS  C:\Users\82057\AppData\Local\Temp\ccNYbw8y.s 			page 1


   1              		.cpu cortex-m4
   2              		.eabi_attribute 27, 1
   3              		.eabi_attribute 28, 1
   4              		.eabi_attribute 20, 1
   5              		.eabi_attribute 21, 1
   6              		.eabi_attribute 23, 3
   7              		.eabi_attribute 24, 1
   8              		.eabi_attribute 25, 1
   9              		.eabi_attribute 26, 1
  10              		.eabi_attribute 30, 1
  11              		.eabi_attribute 34, 1
  12              		.eabi_attribute 18, 4
  13              		.file	"stm32l4xx_it.c"
  14              		.text
  15              	.Ltext0:
  16              		.cfi_sections	.debug_frame
  17              		.section	.text.NMI_Handler,"ax",%progbits
  18              		.align	1
  19              		.global	NMI_Handler
  20              		.syntax unified
  21              		.thumb
  22              		.thumb_func
  23              		.fpu fpv4-sp-d16
  25              	NMI_Handler:
  26              	.LFB137:
  27              		.file 1 "Core/Src/stm32l4xx_it.c"
   1:Core/Src/stm32l4xx_it.c **** /* USER CODE BEGIN Header */
   2:Core/Src/stm32l4xx_it.c **** /**
   3:Core/Src/stm32l4xx_it.c ****   ******************************************************************************
   4:Core/Src/stm32l4xx_it.c ****   * @file    stm32l4xx_it.c
   5:Core/Src/stm32l4xx_it.c ****   * @brief   Interrupt Service Routines.
   6:Core/Src/stm32l4xx_it.c ****   ******************************************************************************
   7:Core/Src/stm32l4xx_it.c ****   * @attention
   8:Core/Src/stm32l4xx_it.c ****   *
   9:Core/Src/stm32l4xx_it.c ****   * Copyright (c) 2024 STMicroelectronics.
  10:Core/Src/stm32l4xx_it.c ****   * All rights reserved.
  11:Core/Src/stm32l4xx_it.c ****   *
  12:Core/Src/stm32l4xx_it.c ****   * This software is licensed under terms that can be found in the LICENSE file
  13:Core/Src/stm32l4xx_it.c ****   * in the root directory of this software component.
  14:Core/Src/stm32l4xx_it.c ****   * If no LICENSE file comes with this software, it is provided AS-IS.
  15:Core/Src/stm32l4xx_it.c ****   *
  16:Core/Src/stm32l4xx_it.c ****   ******************************************************************************
  17:Core/Src/stm32l4xx_it.c ****   */
  18:Core/Src/stm32l4xx_it.c **** /* USER CODE END Header */
  19:Core/Src/stm32l4xx_it.c **** 
  20:Core/Src/stm32l4xx_it.c **** /* Includes ------------------------------------------------------------------*/
  21:Core/Src/stm32l4xx_it.c **** #include "main.h"
  22:Core/Src/stm32l4xx_it.c **** #include "stm32l4xx_it.h"
  23:Core/Src/stm32l4xx_it.c **** #include "FreeRTOS.h"
  24:Core/Src/stm32l4xx_it.c **** #include "task.h"
  25:Core/Src/stm32l4xx_it.c **** /* Private includes ----------------------------------------------------------*/
  26:Core/Src/stm32l4xx_it.c **** /* USER CODE BEGIN Includes */
  27:Core/Src/stm32l4xx_it.c **** /* USER CODE END Includes */
  28:Core/Src/stm32l4xx_it.c **** 
  29:Core/Src/stm32l4xx_it.c **** /* Private typedef -----------------------------------------------------------*/
  30:Core/Src/stm32l4xx_it.c **** /* USER CODE BEGIN TD */
  31:Core/Src/stm32l4xx_it.c **** 
ARM GAS  C:\Users\82057\AppData\Local\Temp\ccNYbw8y.s 			page 2


  32:Core/Src/stm32l4xx_it.c **** /* USER CODE END TD */
  33:Core/Src/stm32l4xx_it.c **** 
  34:Core/Src/stm32l4xx_it.c **** /* Private define ------------------------------------------------------------*/
  35:Core/Src/stm32l4xx_it.c **** /* USER CODE BEGIN PD */
  36:Core/Src/stm32l4xx_it.c **** 
  37:Core/Src/stm32l4xx_it.c **** /* USER CODE END PD */
  38:Core/Src/stm32l4xx_it.c **** 
  39:Core/Src/stm32l4xx_it.c **** /* Private macro -------------------------------------------------------------*/
  40:Core/Src/stm32l4xx_it.c **** /* USER CODE BEGIN PM */
  41:Core/Src/stm32l4xx_it.c **** 
  42:Core/Src/stm32l4xx_it.c **** /* USER CODE END PM */
  43:Core/Src/stm32l4xx_it.c **** 
  44:Core/Src/stm32l4xx_it.c **** /* Private variables ---------------------------------------------------------*/
  45:Core/Src/stm32l4xx_it.c **** /* USER CODE BEGIN PV */
  46:Core/Src/stm32l4xx_it.c **** 
  47:Core/Src/stm32l4xx_it.c **** /* USER CODE END PV */
  48:Core/Src/stm32l4xx_it.c **** 
  49:Core/Src/stm32l4xx_it.c **** /* Private function prototypes -----------------------------------------------*/
  50:Core/Src/stm32l4xx_it.c **** /* USER CODE BEGIN PFP */
  51:Core/Src/stm32l4xx_it.c **** 
  52:Core/Src/stm32l4xx_it.c **** /* USER CODE END PFP */
  53:Core/Src/stm32l4xx_it.c **** 
  54:Core/Src/stm32l4xx_it.c **** /* Private user code ---------------------------------------------------------*/
  55:Core/Src/stm32l4xx_it.c **** /* USER CODE BEGIN 0 */
  56:Core/Src/stm32l4xx_it.c **** 
  57:Core/Src/stm32l4xx_it.c **** /* USER CODE END 0 */
  58:Core/Src/stm32l4xx_it.c **** 
  59:Core/Src/stm32l4xx_it.c **** /* External variables --------------------------------------------------------*/
  60:Core/Src/stm32l4xx_it.c **** 
  61:Core/Src/stm32l4xx_it.c **** /* USER CODE BEGIN EV */
  62:Core/Src/stm32l4xx_it.c **** 
  63:Core/Src/stm32l4xx_it.c **** /* USER CODE END EV */
  64:Core/Src/stm32l4xx_it.c **** 
  65:Core/Src/stm32l4xx_it.c **** 
  66:Core/Src/stm32l4xx_it.c **** extern TIM_HandleTypeDef htim16;
  67:Core/Src/stm32l4xx_it.c **** /******************************************************************************/
  68:Core/Src/stm32l4xx_it.c **** /*           Cortex-M4 Processor Interruption and Exception Handlers          */
  69:Core/Src/stm32l4xx_it.c **** /******************************************************************************/
  70:Core/Src/stm32l4xx_it.c **** /**
  71:Core/Src/stm32l4xx_it.c ****   * @brief This function handles Non maskable interrupt.
  72:Core/Src/stm32l4xx_it.c ****   */
  73:Core/Src/stm32l4xx_it.c **** void NMI_Handler(void)
  74:Core/Src/stm32l4xx_it.c **** {
  28              		.loc 1 74 0
  29              		.cfi_startproc
  30              		@ Volatile: function does not return.
  31              		@ args = 0, pretend = 0, frame = 0
  32              		@ frame_needed = 0, uses_anonymous_args = 0
  33              		@ link register save eliminated.
  34              	.L2:
  35 0000 FEE7     		b	.L2
  36              		.cfi_endproc
  37              	.LFE137:
  39              		.section	.text.HardFault_Handler,"ax",%progbits
  40              		.align	1
  41              		.global	HardFault_Handler
  42              		.syntax unified
ARM GAS  C:\Users\82057\AppData\Local\Temp\ccNYbw8y.s 			page 3


  43              		.thumb
  44              		.thumb_func
  45              		.fpu fpv4-sp-d16
  47              	HardFault_Handler:
  48              	.LFB138:
  75:Core/Src/stm32l4xx_it.c ****   /* USER CODE BEGIN NonMaskableInt_IRQn 0 */
  76:Core/Src/stm32l4xx_it.c **** 
  77:Core/Src/stm32l4xx_it.c ****   /* USER CODE END NonMaskableInt_IRQn 0 */
  78:Core/Src/stm32l4xx_it.c ****   /* USER CODE BEGIN NonMaskableInt_IRQn 1 */
  79:Core/Src/stm32l4xx_it.c ****    while (1)
  80:Core/Src/stm32l4xx_it.c ****   {
  81:Core/Src/stm32l4xx_it.c ****   }
  82:Core/Src/stm32l4xx_it.c ****   /* USER CODE END NonMaskableInt_IRQn 1 */
  83:Core/Src/stm32l4xx_it.c **** }
  84:Core/Src/stm32l4xx_it.c **** 
  85:Core/Src/stm32l4xx_it.c **** /**
  86:Core/Src/stm32l4xx_it.c ****   * @brief This function handles Hard fault interrupt.
  87:Core/Src/stm32l4xx_it.c ****   */
  88:Core/Src/stm32l4xx_it.c **** void HardFault_Handler(void)
  89:Core/Src/stm32l4xx_it.c **** {
  49              		.loc 1 89 0
  50              		.cfi_startproc
  51              		@ Volatile: function does not return.
  52              		@ args = 0, pretend = 0, frame = 0
  53              		@ frame_needed = 0, uses_anonymous_args = 0
  54              		@ link register save eliminated.
  55              	.L4:
  56 0000 FEE7     		b	.L4
  57              		.cfi_endproc
  58              	.LFE138:
  60              		.section	.text.MemManage_Handler,"ax",%progbits
  61              		.align	1
  62              		.global	MemManage_Handler
  63              		.syntax unified
  64              		.thumb
  65              		.thumb_func
  66              		.fpu fpv4-sp-d16
  68              	MemManage_Handler:
  69              	.LFB139:
  90:Core/Src/stm32l4xx_it.c ****   /* USER CODE BEGIN HardFault_IRQn 0 */
  91:Core/Src/stm32l4xx_it.c **** 
  92:Core/Src/stm32l4xx_it.c ****   /* USER CODE END HardFault_IRQn 0 */
  93:Core/Src/stm32l4xx_it.c ****   while (1)
  94:Core/Src/stm32l4xx_it.c ****   {
  95:Core/Src/stm32l4xx_it.c ****     /* USER CODE BEGIN W1_HardFault_IRQn 0 */
  96:Core/Src/stm32l4xx_it.c ****     /* USER CODE END W1_HardFault_IRQn 0 */
  97:Core/Src/stm32l4xx_it.c ****   }
  98:Core/Src/stm32l4xx_it.c **** }
  99:Core/Src/stm32l4xx_it.c **** 
 100:Core/Src/stm32l4xx_it.c **** /**
 101:Core/Src/stm32l4xx_it.c ****   * @brief This function handles Memory management fault.
 102:Core/Src/stm32l4xx_it.c ****   */
 103:Core/Src/stm32l4xx_it.c **** void MemManage_Handler(void)
 104:Core/Src/stm32l4xx_it.c **** {
  70              		.loc 1 104 0
  71              		.cfi_startproc
  72              		@ Volatile: function does not return.
ARM GAS  C:\Users\82057\AppData\Local\Temp\ccNYbw8y.s 			page 4


  73              		@ args = 0, pretend = 0, frame = 0
  74              		@ frame_needed = 0, uses_anonymous_args = 0
  75              		@ link register save eliminated.
  76              	.L6:
  77 0000 FEE7     		b	.L6
  78              		.cfi_endproc
  79              	.LFE139:
  81              		.section	.text.BusFault_Handler,"ax",%progbits
  82              		.align	1
  83              		.global	BusFault_Handler
  84              		.syntax unified
  85              		.thumb
  86              		.thumb_func
  87              		.fpu fpv4-sp-d16
  89              	BusFault_Handler:
  90              	.LFB140:
 105:Core/Src/stm32l4xx_it.c ****   /* USER CODE BEGIN MemoryManagement_IRQn 0 */
 106:Core/Src/stm32l4xx_it.c **** 
 107:Core/Src/stm32l4xx_it.c ****   /* USER CODE END MemoryManagement_IRQn 0 */
 108:Core/Src/stm32l4xx_it.c ****   while (1)
 109:Core/Src/stm32l4xx_it.c ****   {
 110:Core/Src/stm32l4xx_it.c ****     /* USER CODE BEGIN W1_MemoryManagement_IRQn 0 */
 111:Core/Src/stm32l4xx_it.c ****     /* USER CODE END W1_MemoryManagement_IRQn 0 */
 112:Core/Src/stm32l4xx_it.c ****   }
 113:Core/Src/stm32l4xx_it.c **** }
 114:Core/Src/stm32l4xx_it.c **** 
 115:Core/Src/stm32l4xx_it.c **** /**
 116:Core/Src/stm32l4xx_it.c ****   * @brief This function handles Prefetch fault, memory access fault.
 117:Core/Src/stm32l4xx_it.c ****   */
 118:Core/Src/stm32l4xx_it.c **** void BusFault_Handler(void)
 119:Core/Src/stm32l4xx_it.c **** {
  91              		.loc 1 119 0
  92              		.cfi_startproc
  93              		@ Volatile: function does not return.
  94              		@ args = 0, pretend = 0, frame = 0
  95              		@ frame_needed = 0, uses_anonymous_args = 0
  96              		@ link register save eliminated.
  97              	.L8:
  98 0000 FEE7     		b	.L8
  99              		.cfi_endproc
 100              	.LFE140:
 102              		.section	.text.UsageFault_Handler,"ax",%progbits
 103              		.align	1
 104              		.global	UsageFault_Handler
 105              		.syntax unified
 106              		.thumb
 107              		.thumb_func
 108              		.fpu fpv4-sp-d16
 110              	UsageFault_Handler:
 111              	.LFB141:
 120:Core/Src/stm32l4xx_it.c ****   /* USER CODE BEGIN BusFault_IRQn 0 */
 121:Core/Src/stm32l4xx_it.c **** 
 122:Core/Src/stm32l4xx_it.c ****   /* USER CODE END BusFault_IRQn 0 */
 123:Core/Src/stm32l4xx_it.c ****   while (1)
 124:Core/Src/stm32l4xx_it.c ****   {
 125:Core/Src/stm32l4xx_it.c ****     /* USER CODE BEGIN W1_BusFault_IRQn 0 */
 126:Core/Src/stm32l4xx_it.c ****     /* USER CODE END W1_BusFault_IRQn 0 */
ARM GAS  C:\Users\82057\AppData\Local\Temp\ccNYbw8y.s 			page 5


 127:Core/Src/stm32l4xx_it.c ****   }
 128:Core/Src/stm32l4xx_it.c **** }
 129:Core/Src/stm32l4xx_it.c **** 
 130:Core/Src/stm32l4xx_it.c **** /**
 131:Core/Src/stm32l4xx_it.c ****   * @brief This function handles Undefined instruction or illegal state.
 132:Core/Src/stm32l4xx_it.c ****   */
 133:Core/Src/stm32l4xx_it.c **** void UsageFault_Handler(void)
 134:Core/Src/stm32l4xx_it.c **** {
 112              		.loc 1 134 0
 113              		.cfi_startproc
 114              		@ Volatile: function does not return.
 115              		@ args = 0, pretend = 0, frame = 0
 116              		@ frame_needed = 0, uses_anonymous_args = 0
 117              		@ link register save eliminated.
 118              	.L10:
 119 0000 FEE7     		b	.L10
 120              		.cfi_endproc
 121              	.LFE141:
 123              		.section	.text.DebugMon_Handler,"ax",%progbits
 124              		.align	1
 125              		.global	DebugMon_Handler
 126              		.syntax unified
 127              		.thumb
 128              		.thumb_func
 129              		.fpu fpv4-sp-d16
 131              	DebugMon_Handler:
 132              	.LFB142:
 135:Core/Src/stm32l4xx_it.c ****   /* USER CODE BEGIN UsageFault_IRQn 0 */
 136:Core/Src/stm32l4xx_it.c **** 
 137:Core/Src/stm32l4xx_it.c ****   /* USER CODE END UsageFault_IRQn 0 */
 138:Core/Src/stm32l4xx_it.c ****   while (1)
 139:Core/Src/stm32l4xx_it.c ****   {
 140:Core/Src/stm32l4xx_it.c ****     /* USER CODE BEGIN W1_UsageFault_IRQn 0 */
 141:Core/Src/stm32l4xx_it.c ****     /* USER CODE END W1_UsageFault_IRQn 0 */
 142:Core/Src/stm32l4xx_it.c ****   }
 143:Core/Src/stm32l4xx_it.c **** }
 144:Core/Src/stm32l4xx_it.c **** 
 145:Core/Src/stm32l4xx_it.c **** /**
 146:Core/Src/stm32l4xx_it.c ****   * @brief This function handles Debug monitor.
 147:Core/Src/stm32l4xx_it.c ****   */
 148:Core/Src/stm32l4xx_it.c **** void DebugMon_Handler(void)
 149:Core/Src/stm32l4xx_it.c **** {
 133              		.loc 1 149 0
 134              		.cfi_startproc
 135              		@ args = 0, pretend = 0, frame = 0
 136              		@ frame_needed = 0, uses_anonymous_args = 0
 137              		@ link register save eliminated.
 150:Core/Src/stm32l4xx_it.c ****   /* USER CODE BEGIN DebugMonitor_IRQn 0 */
 151:Core/Src/stm32l4xx_it.c **** 
 152:Core/Src/stm32l4xx_it.c ****   /* USER CODE END DebugMonitor_IRQn 0 */
 153:Core/Src/stm32l4xx_it.c ****   /* USER CODE BEGIN DebugMonitor_IRQn 1 */
 154:Core/Src/stm32l4xx_it.c **** 
 155:Core/Src/stm32l4xx_it.c ****   /* USER CODE END DebugMonitor_IRQn 1 */
 156:Core/Src/stm32l4xx_it.c **** }
 138              		.loc 1 156 0
 139 0000 7047     		bx	lr
 140              		.cfi_endproc
ARM GAS  C:\Users\82057\AppData\Local\Temp\ccNYbw8y.s 			page 6


 141              	.LFE142:
 143              		.section	.text.SysTick_Handler,"ax",%progbits
 144              		.align	1
 145              		.global	SysTick_Handler
 146              		.syntax unified
 147              		.thumb
 148              		.thumb_func
 149              		.fpu fpv4-sp-d16
 151              	SysTick_Handler:
 152              	.LFB143:
 157:Core/Src/stm32l4xx_it.c **** 
 158:Core/Src/stm32l4xx_it.c **** /**
 159:Core/Src/stm32l4xx_it.c ****   * @brief This function handles System tick timer.
 160:Core/Src/stm32l4xx_it.c ****   */
 161:Core/Src/stm32l4xx_it.c **** void SysTick_Handler(void)
 162:Core/Src/stm32l4xx_it.c **** {
 153              		.loc 1 162 0
 154              		.cfi_startproc
 155              		@ args = 0, pretend = 0, frame = 0
 156              		@ frame_needed = 0, uses_anonymous_args = 0
 157 0000 08B5     		push	{r3, lr}
 158              	.LCFI0:
 159              		.cfi_def_cfa_offset 8
 160              		.cfi_offset 3, -8
 161              		.cfi_offset 14, -4
 163:Core/Src/stm32l4xx_it.c ****   /* USER CODE BEGIN SysTick_IRQn 0 */
 164:Core/Src/stm32l4xx_it.c **** 
 165:Core/Src/stm32l4xx_it.c ****   /* USER CODE END SysTick_IRQn 0 */
 166:Core/Src/stm32l4xx_it.c ****   HAL_IncTick();
 162              		.loc 1 166 0
 163 0002 FFF7FEFF 		bl	HAL_IncTick
 164              	.LVL0:
 167:Core/Src/stm32l4xx_it.c **** #if (INCLUDE_xTaskGetSchedulerState == 1 )
 168:Core/Src/stm32l4xx_it.c ****   if (xTaskGetSchedulerState() != taskSCHEDULER_NOT_STARTED)
 165              		.loc 1 168 0
 166 0006 FFF7FEFF 		bl	xTaskGetSchedulerState
 167              	.LVL1:
 168 000a 0128     		cmp	r0, #1
 169 000c 01D0     		beq	.L12
 169:Core/Src/stm32l4xx_it.c ****   {
 170:Core/Src/stm32l4xx_it.c **** #endif /* INCLUDE_xTaskGetSchedulerState */
 171:Core/Src/stm32l4xx_it.c ****   xPortSysTickHandler();
 170              		.loc 1 171 0
 171 000e FFF7FEFF 		bl	xPortSysTickHandler
 172              	.LVL2:
 173              	.L12:
 172:Core/Src/stm32l4xx_it.c **** #if (INCLUDE_xTaskGetSchedulerState == 1 )
 173:Core/Src/stm32l4xx_it.c ****   }
 174:Core/Src/stm32l4xx_it.c **** #endif /* INCLUDE_xTaskGetSchedulerState */
 175:Core/Src/stm32l4xx_it.c ****   /* USER CODE BEGIN SysTick_IRQn 1 */
 176:Core/Src/stm32l4xx_it.c **** 
 177:Core/Src/stm32l4xx_it.c ****   /* USER CODE END SysTick_IRQn 1 */
 178:Core/Src/stm32l4xx_it.c **** }
 174              		.loc 1 178 0
 175 0012 08BD     		pop	{r3, pc}
 176              		.cfi_endproc
 177              	.LFE143:
ARM GAS  C:\Users\82057\AppData\Local\Temp\ccNYbw8y.s 			page 7


 179              		.section	.text.TIM1_UP_TIM16_IRQHandler,"ax",%progbits
 180              		.align	1
 181              		.global	TIM1_UP_TIM16_IRQHandler
 182              		.syntax unified
 183              		.thumb
 184              		.thumb_func
 185              		.fpu fpv4-sp-d16
 187              	TIM1_UP_TIM16_IRQHandler:
 188              	.LFB144:
 179:Core/Src/stm32l4xx_it.c **** 
 180:Core/Src/stm32l4xx_it.c **** /******************************************************************************/
 181:Core/Src/stm32l4xx_it.c **** /* STM32L4xx Peripheral Interrupt Handlers                                    */
 182:Core/Src/stm32l4xx_it.c **** /* Add here the Interrupt Handlers for the used peripherals.                  */
 183:Core/Src/stm32l4xx_it.c **** /* For the available peripheral interrupt handler names,                      */
 184:Core/Src/stm32l4xx_it.c **** /* please refer to the startup file (startup_stm32l4xx.s).                    */
 185:Core/Src/stm32l4xx_it.c **** /******************************************************************************/
 186:Core/Src/stm32l4xx_it.c **** 
 187:Core/Src/stm32l4xx_it.c **** /* USER CODE BEGIN 1 */
 188:Core/Src/stm32l4xx_it.c **** 
 189:Core/Src/stm32l4xx_it.c **** /* USER CODE END 1 */
 190:Core/Src/stm32l4xx_it.c **** /**
 191:Core/Src/stm32l4xx_it.c ****   * @brief This function handles TIM1 update interrupt and TIM16 global interrupt.
 192:Core/Src/stm32l4xx_it.c ****   */
 193:Core/Src/stm32l4xx_it.c **** extern volatile unsigned int FreeRTOSRunTimeTicks; 
 194:Core/Src/stm32l4xx_it.c **** 
 195:Core/Src/stm32l4xx_it.c **** void TIM1_UP_TIM16_IRQHandler(void)
 196:Core/Src/stm32l4xx_it.c **** {
 189              		.loc 1 196 0
 190              		.cfi_startproc
 191              		@ args = 0, pretend = 0, frame = 0
 192              		@ frame_needed = 0, uses_anonymous_args = 0
 193 0000 08B5     		push	{r3, lr}
 194              	.LCFI1:
 195              		.cfi_def_cfa_offset 8
 196              		.cfi_offset 3, -8
 197              		.cfi_offset 14, -4
 197:Core/Src/stm32l4xx_it.c ****   /* USER CODE BEGIN TIM1_UP_TIM16_IRQn 0 */
 198:Core/Src/stm32l4xx_it.c ****   FreeRTOSRunTimeTicks++;
 198              		.loc 1 198 0
 199 0002 044A     		ldr	r2, .L17
 200 0004 1368     		ldr	r3, [r2]
 201 0006 0133     		adds	r3, r3, #1
 202 0008 1360     		str	r3, [r2]
 199:Core/Src/stm32l4xx_it.c ****   /* USER CODE END TIM1_UP_TIM16_IRQn 0 */
 200:Core/Src/stm32l4xx_it.c ****   HAL_TIM_IRQHandler(&htim16);
 203              		.loc 1 200 0
 204 000a 0348     		ldr	r0, .L17+4
 205 000c FFF7FEFF 		bl	HAL_TIM_IRQHandler
 206              	.LVL3:
 201:Core/Src/stm32l4xx_it.c ****   /* USER CODE BEGIN TIM1_UP_TIM16_IRQn 1 */
 202:Core/Src/stm32l4xx_it.c **** 
 203:Core/Src/stm32l4xx_it.c ****   /* USER CODE END TIM1_UP_TIM16_IRQn 1 */
 204:Core/Src/stm32l4xx_it.c **** }
 207              		.loc 1 204 0
 208 0010 08BD     		pop	{r3, pc}
 209              	.L18:
 210 0012 00BF     		.align	2
ARM GAS  C:\Users\82057\AppData\Local\Temp\ccNYbw8y.s 			page 8


 211              	.L17:
 212 0014 00000000 		.word	FreeRTOSRunTimeTicks
 213 0018 00000000 		.word	htim16
 214              		.cfi_endproc
 215              	.LFE144:
 217              		.text
 218              	.Letext0:
 219              		.file 2 "c:\\program files (x86)\\gnu tools arm embedded\\7 2018-q2-update\\arm-none-eabi\\include
 220              		.file 3 "c:\\program files (x86)\\gnu tools arm embedded\\7 2018-q2-update\\arm-none-eabi\\include
 221              		.file 4 "Drivers/CMSIS/Include/core_cm4.h"
 222              		.file 5 "Drivers/CMSIS/Device/ST/STM32L4xx/Include/system_stm32l4xx.h"
 223              		.file 6 "Drivers/CMSIS/Device/ST/STM32L4xx/Include/stm32l431xx.h"
 224              		.file 7 "Drivers/STM32L4xx_HAL_Driver/Inc/stm32l4xx_hal_def.h"
 225              		.file 8 "Drivers/STM32L4xx_HAL_Driver/Inc/stm32l4xx_hal_dma.h"
 226              		.file 9 "Drivers/STM32L4xx_HAL_Driver/Inc/stm32l4xx_hal_flash.h"
 227              		.file 10 "Drivers/STM32L4xx_HAL_Driver/Inc/stm32l4xx_hal_tim.h"
 228              		.file 11 "Drivers/STM32L4xx_HAL_Driver/Inc/stm32l4xx_hal.h"
 229              		.file 12 "Core/Inc/main.h"
 230              		.file 13 "Middlewares/Third_Party/FreeRTOS/Source/portable/GCC/ARM_CM4F/portmacro.h"
 231              		.file 14 "Middlewares/Third_Party/FreeRTOS/Source/include/task.h"
 232              		.file 15 "Core/Inc/FreeRTOSConfig.h"
ARM GAS  C:\Users\82057\AppData\Local\Temp\ccNYbw8y.s 			page 9


DEFINED SYMBOLS
                            *ABS*:00000000 stm32l4xx_it.c
C:\Users\82057\AppData\Local\Temp\ccNYbw8y.s:18     .text.NMI_Handler:00000000 $t
C:\Users\82057\AppData\Local\Temp\ccNYbw8y.s:25     .text.NMI_Handler:00000000 NMI_Handler
C:\Users\82057\AppData\Local\Temp\ccNYbw8y.s:40     .text.HardFault_Handler:00000000 $t
C:\Users\82057\AppData\Local\Temp\ccNYbw8y.s:47     .text.HardFault_Handler:00000000 HardFault_Handler
C:\Users\82057\AppData\Local\Temp\ccNYbw8y.s:61     .text.MemManage_Handler:00000000 $t
C:\Users\82057\AppData\Local\Temp\ccNYbw8y.s:68     .text.MemManage_Handler:00000000 MemManage_Handler
C:\Users\82057\AppData\Local\Temp\ccNYbw8y.s:82     .text.BusFault_Handler:00000000 $t
C:\Users\82057\AppData\Local\Temp\ccNYbw8y.s:89     .text.BusFault_Handler:00000000 BusFault_Handler
C:\Users\82057\AppData\Local\Temp\ccNYbw8y.s:103    .text.UsageFault_Handler:00000000 $t
C:\Users\82057\AppData\Local\Temp\ccNYbw8y.s:110    .text.UsageFault_Handler:00000000 UsageFault_Handler
C:\Users\82057\AppData\Local\Temp\ccNYbw8y.s:124    .text.DebugMon_Handler:00000000 $t
C:\Users\82057\AppData\Local\Temp\ccNYbw8y.s:131    .text.DebugMon_Handler:00000000 DebugMon_Handler
C:\Users\82057\AppData\Local\Temp\ccNYbw8y.s:144    .text.SysTick_Handler:00000000 $t
C:\Users\82057\AppData\Local\Temp\ccNYbw8y.s:151    .text.SysTick_Handler:00000000 SysTick_Handler
C:\Users\82057\AppData\Local\Temp\ccNYbw8y.s:180    .text.TIM1_UP_TIM16_IRQHandler:00000000 $t
C:\Users\82057\AppData\Local\Temp\ccNYbw8y.s:187    .text.TIM1_UP_TIM16_IRQHandler:00000000 TIM1_UP_TIM16_IRQHandler
C:\Users\82057\AppData\Local\Temp\ccNYbw8y.s:212    .text.TIM1_UP_TIM16_IRQHandler:00000014 $d

UNDEFINED SYMBOLS
HAL_IncTick
xTaskGetSchedulerState
xPortSysTickHandler
HAL_TIM_IRQHandler
FreeRTOSRunTimeTicks
htim16
